
====================
New log at: 12/21/2024 11:06:38 PM
WARNING: No project RPC protocols found. Ensure the OwlTree source generator is included in your project properly.
====================
====================
New log at: 12/21/2024 11:06:45 PM
Connection attempt from 127.0.0.1 (udp port: 54907) received: 
01-00-01-00-00-00-00-00-00-00-00-00-65-00-00-00-00-00-00-00-00-00-00-00-00-00-00-00-45-00-00-00-06-
00-00-00-46-61-72-6D-69-6E-67-57-69-74-68-46-72-69-65-6E-64-73-5F-4F-77-6C-54-72-65-65-45-78-61-
6D-70-6C-65-5F-5F-5F-5F-5F-5F-5F-5F-5F-5F-5F-5F-5F-5F-5F-5F-5F-5F-5F-5F-5F-5F-5F-5F-5F-5F-5F-5F-
5F-5F-5F-00
====================
====================
New log at: 12/21/2024 11:06:45 PM
Connection attempt from 127.0.0.1 (udp port: 54907) accepted, awaiting TCP handshake...
====================
====================
New log at: 12/21/2024 11:06:45 PM
TCP handshake made with 127.0.0.1 (tcp port: 61750) (udp port: 54907). Assigned: <ClientId: 1>
====================
====================
New log at: 12/21/2024 11:06:45 PM
Client <ClientId: 1> assigned as host.
====================
====================
New log at: 12/21/2024 11:06:49 PM
New client connected: <ClientId: 1>
====================
====================
New log at: 12/21/2024 11:06:49 PM
Host client has been assigned to: <ClientId: 1>
====================
====================
New log at: 12/21/2024 11:06:53 PM
SENDING: Pre-Transform TCP packet to <ClientId: 1> at 12/21/2024 11:06:53 PM:
01-00-01-00-3C-44-79-EB-93-01-00-00-44-00-00-00-00-00-00-00-00-00-00-00-00-00-00-00-24-00-00-00-08-
00-00-00-00-00-00-00-01-00-00-00-17-44-79-EB-93-01-00-00-00-00-00-00-00-00-00-00-00-00-00-00-00-
00-00-00
====================
====================
New log at: 12/21/2024 11:06:53 PM
SENDING: Post-Transform TCP packet to <ClientId: 1> at 12/21/2024 11:06:53 PM:
01-00-01-00-3C-44-79-EB-93-01-00-00-44-00-00-00-00-00-00-00-00-00-00-00-00-00-00-00-24-00-00-00-08-
00-00-00-00-00-00-00-01-00-00-00-17-44-79-EB-93-01-00-00-00-00-00-00-00-00-00-00-00-00-00-00-00-
00-00-00
====================
====================
New log at: 12/21/2024 11:06:53 PM
RECEIVED: Pre-Transform TCP packet from <ClientId: 1> at 12/21/2024 11:06:53 PM:
01-00-01-00-5F-44-79-EB-93-01-00-00-44-00-00-00-01-00-00-00-E8-A7-E8-2C-00-00-00-00-24-00-00-00-08-
00-00-00-00-00-00-00-01-00-00-00-17-44-79-EB-93-01-00-00-5A-44-79-EB-93-01-00-00-00-00-00-00-00-
00-00-00
====================
====================
New log at: 12/21/2024 11:06:53 PM
RECEIVED: Post-Transform TCP packet from <ClientId: 1> at 12/21/2024 11:06:53 PM:
01-00-01-00-5F-44-79-EB-93-01-00-00-44-00-00-00-01-00-00-00-E8-A7-E8-2C-00-00-00-00-24-00-00-00-08-
00-00-00-00-00-00-00-01-00-00-00-17-44-79-EB-93-01-00-00-5A-44-79-EB-93-01-00-00-00-00-00-00-00-
00-00-00
====================
====================
New log at: 12/21/2024 11:08:07 PM
Remote client disconnected: <ClientId: 1>
====================
====================
New log at: 12/21/2024 11:08:07 PM
Local server shutdown.
====================